#
# There is insufficient memory for the Java Runtime Environment to continue.
# Native memory allocation (malloc) failed to allocate 79216 bytes for Chunk::new
# Possible reasons:
#   The system is out of physical RAM or swap space
#   The process is running with CompressedOops enabled, and the Java Heap may be blocking the growth of the native heap
# Possible solutions:
#   Reduce memory load on the system
#   Increase physical memory or swap space
#   Check if swap backing store is full
#   Decrease Java heap size (-Xmx/-Xms)
#   Decrease number of Java threads
#   Decrease Java thread stack sizes (-Xss)
#   Set larger code cache with -XX:ReservedCodeCacheSize=
#   JVM is running with Zero Based Compressed Oops mode in which the Java heap is
#     placed in the first 32GB address space. The Java Heap base address is the
#     maximum limit for the native heap growth. Please use -XX:HeapBaseMinAddress
#     to set the Java Heap base and to place the Java Heap above 32GB virtual address.
# This output file may be truncated or incomplete.
#
#  Out of Memory Error (src/hotspot/share/memory/arena.cpp:197), pid=1740, tid=3404
#
# JRE version: OpenJDK Runtime Environment (11.0.15) (build 11.0.15+0-b2043.56-9505619)
# Java VM: OpenJDK 64-Bit Server VM (11.0.15+0-b2043.56-9505619, mixed mode, tiered, compressed oops, g1 gc, windows-amd64)
# No core dump will be written. Minidumps are not enabled by default on client versions of Windows
#

---------------  S U M M A R Y ------------

Command Line: -Dorg.gradle.appname=gradlew org.gradle.wrapper.GradleWrapperMain -q -Ptarget-platform=android-x64 -Ptarget=F:\Projects\nomad\digital-nomad-life\flutter_tiktok_clone\lib\main.dart -Pbase-application-name=android.app.Application -Pdart-defines=RkxVVFRFUl9XRUJfQVVUT19ERVRFQ1Q9dHJ1ZQ== -Pdart-obfuscation=false -Ptrack-widget-creation=true -Ptree-shake-icons=false -Pfilesystem-scheme=org-dartlang-root assembleDebug

Host: Intel(R) Core(TM) i7-7700HQ CPU @ 2.80GHz, 8 cores, 15G,  Windows 10 , 64 bit Build 19041 (10.0.19041.2788)
Time: Sat Apr 22 02:02:06 2023  Windows 10 , 64 bit Build 19041 (10.0.19041.2788) elapsed time: 24.452528 seconds (0d 0h 0m 24s)

---------------  T H R E A D  ---------------

Current thread (0x0000025f3ae7b000):  JavaThread "C2 CompilerThread0" daemon [_thread_in_native, id=3404, stack(0x000000ad3a800000,0x000000ad3a900000)]


Current CompileTask:
C2:  24452 1258       4       java.util.ArrayList::add (25 bytes)

Stack: [0x000000ad3a800000,0x000000ad3a900000]
Native frames: (J=compiled Java code, j=interpreted, Vv=VM code, C=native code)
V  [jvm.dll+0x64135a]
V  [jvm.dll+0x7d39f9]
V  [jvm.dll+0x7d51b9]
V  [jvm.dll+0x7d58a3]
V  [jvm.dll+0x2691c5]
V  [jvm.dll+0xc1a5c]
V  [jvm.dll+0xc200c]
V  [jvm.dll+0x3774a7]
V  [jvm.dll+0x342495]
V  [jvm.dll+0x34186a]
V  [jvm.dll+0x2214bd]
V  [jvm.dll+0x220498]
V  [jvm.dll+0x19e851]
V  [jvm.dll+0x230479]
V  [jvm.dll+0x22e5ef]
V  [jvm.dll+0x794de1]
V  [jvm.dll+0x78dc24]
V  [jvm.dll+0x6400f6]
C  [ucrtbase.dll+0x21bb2]
C  [KERNEL32.DLL+0x17604]
C  [ntdll.dll+0x526a1]


---------------  P R O C E S S  ---------------

Threads class SMR info:
_java_thread_list=0x0000025f3baa5470, length=13, elements={
0x0000025f1b3e9800, 0x0000025f3ae14800, 0x0000025f3ae22800, 0x0000025f3ae68800,
0x0000025f3ae6c000, 0x0000025f3ae6f000, 0x0000025f3ae7b000, 0x0000025f3aea7000,
0x0000025f3aeba000, 0x0000025f3b014000, 0x0000025f3bf0c800, 0x0000025f3bf0b800,
0x0000025f3bca7000
}

Java Threads: ( => current thread )
  0x0000025f1b3e9800 JavaThread "main" [_thread_blocked, id=11620, stack(0x000000ad39c00000,0x000000ad39d00000)]
  0x0000025f3ae14800 JavaThread "Reference Handler" daemon [_thread_blocked, id=2240, stack(0x000000ad3a300000,0x000000ad3a400000)]
  0x0000025f3ae22800 JavaThread "Finalizer" daemon [_thread_blocked, id=34360, stack(0x000000ad3a400000,0x000000ad3a500000)]
  0x0000025f3ae68800 JavaThread "Signal Dispatcher" daemon [_thread_blocked, id=12264, stack(0x000000ad3a500000,0x000000ad3a600000)]
  0x0000025f3ae6c000 JavaThread "Attach Listener" daemon [_thread_blocked, id=18388, stack(0x000000ad3a600000,0x000000ad3a700000)]
  0x0000025f3ae6f000 JavaThread "Service Thread" daemon [_thread_blocked, id=9496, stack(0x000000ad3a700000,0x000000ad3a800000)]
=>0x0000025f3ae7b000 JavaThread "C2 CompilerThread0" daemon [_thread_in_native, id=3404, stack(0x000000ad3a800000,0x000000ad3a900000)]
  0x0000025f3aea7000 JavaThread "C1 CompilerThread0" daemon [_thread_blocked, id=32280, stack(0x000000ad3a900000,0x000000ad3aa00000)]
  0x0000025f3aeba000 JavaThread "Sweeper thread" daemon [_thread_blocked, id=26076, stack(0x000000ad3aa00000,0x000000ad3ab00000)]
  0x0000025f3b014000 JavaThread "Common-Cleaner" daemon [_thread_blocked, id=8580, stack(0x000000ad3ac00000,0x000000ad3ad00000)]
  0x0000025f3bf0c800 JavaThread "pool-1-thread-1" [_thread_in_native, id=22124, stack(0x000000ad3b400000,0x000000ad3b500000)]
  0x0000025f3bf0b800 JavaThread "DisconnectableInputStream source reader" daemon [_thread_in_native, id=28760, stack(0x000000ad3b500000,0x000000ad3b600000)]
  0x0000025f3bca7000 JavaThread "Forward input" [_thread_blocked, id=13712, stack(0x000000ad3b600000,0x000000ad3b700000)]

Other Threads:
  0x0000025f3a552000 VMThread "VM Thread" [stack: 0x000000ad3a200000,0x000000ad3a300000] [id=32420]
  0x0000025f3b00c800 WatcherThread [stack: 0x000000ad3ab00000,0x000000ad3ac00000] [id=11812]
  0x0000025f1b402000 GCTaskThread "GC Thread#0" [stack: 0x000000ad39d00000,0x000000ad39e00000] [id=22564]
  0x0000025f3b4e9800 GCTaskThread "GC Thread#1" [stack: 0x000000ad3ad00000,0x000000ad3ae00000] [id=14184]
  0x0000025f3b9af800 GCTaskThread "GC Thread#2" [stack: 0x000000ad3ae00000,0x000000ad3af00000] [id=32360]
  0x0000025f3b586800 GCTaskThread "GC Thread#3" [stack: 0x000000ad3af00000,0x000000ad3b000000] [id=30644]
  0x0000025f3b587000 GCTaskThread "GC Thread#4" [stack: 0x000000ad3b000000,0x000000ad3b100000] [id=17900]
  0x0000025f3b96d800 GCTaskThread "GC Thread#5" [stack: 0x000000ad3b100000,0x000000ad3b200000] [id=16440]
  0x0000025f1b45f800 ConcurrentGCThread "G1 Main Marker" [stack: 0x000000ad39e00000,0x000000ad39f00000] [id=3328]
  0x0000025f1b461000 ConcurrentGCThread "G1 Conc#0" [stack: 0x000000ad39f00000,0x000000ad3a000000] [id=5792]
  0x0000025f3a434000 ConcurrentGCThread "G1 Refine#0" [stack: 0x000000ad3a000000,0x000000ad3a100000] [id=5244]
  0x0000025f3bab8800 ConcurrentGCThread "G1 Refine#1" [stack: 0x000000ad3b200000,0x000000ad3b300000] [id=280]
  0x0000025f3a435000 ConcurrentGCThread "G1 Young RemSet Sampling" [stack: 0x000000ad3a100000,0x000000ad3a200000] [id=24704]

Threads with active compile tasks:
C2 CompilerThread0    24575 1258       4       java.util.ArrayList::add (25 bytes)

VM state:not at safepoint (normal execution)

VM Mutex/Monitor currently owned by a thread: None

Heap address: 0x0000000700c00000, size: 4084 MB, Compressed Oops mode: Zero based, Oop shift amount: 3
Narrow klass base: 0x0000000800000000, Narrow klass shift: 0
Compressed class space size: 1073741824 Address: 0x0000000800000000

Heap:
 garbage-first heap   total 262144K, used 27186K [0x0000000700c00000, 0x0000000800000000)
  region size 1024K, 21 young (21504K), 3 survivors (3072K)
 Metaspace       used 15333K, capacity 15694K, committed 15744K, reserved 1062912K
  class space    used 1747K, capacity 1871K, committed 1920K, reserved 1048576K
Heap Regions: E=young(eden), S=young(survivor), O=old, HS=humongous(starts), HC=humongous(continues), CS=collection set, F=free, A=archive, TAMS=top-at-mark-start (previous, next)
|   0|0x0000000700c00000, 0x0000000700c00000, 0x0000000700d00000|  0%| F|  |TAMS 0x0000000700c00000, 0x0000000700c00000| Untracked 
|   1|0x0000000700d00000, 0x0000000700d00000, 0x0000000700e00000|  0%| F|  |TAMS 0x0000000700d00000, 0x0000000700d00000| Untracked 
|   2|0x0000000700e00000, 0x0000000700e00000, 0x0000000700f00000|  0%| F|  |TAMS 0x0000000700e00000, 0x0000000700e00000| Untracked 
|   3|0x0000000700f00000, 0x0000000701000000, 0x0000000701000000|100%|HS|  |TAMS 0x0000000700f00000, 0x0000000700f00000| Complete 
|   4|0x0000000701000000, 0x0000000701100000, 0x0000000701100000|100%|HC|  |TAMS 0x0000000701000000, 0x0000000701000000| Complete 
|   5|0x0000000701100000, 0x0000000701200000, 0x0000000701200000|100%|HC|  |TAMS 0x0000000701100000, 0x0000000701100000| Complete 
|   6|0x0000000701200000, 0x0000000701300000, 0x0000000701300000|100%| O|  |TAMS 0x0000000701200000, 0x0000000701200000| Untracked 
|   7|0x0000000701300000, 0x0000000701400000, 0x0000000701400000|100%| O|  |TAMS 0x0000000701300000, 0x0000000701300000| Untracked 
|   8|0x0000000701400000, 0x0000000701500000, 0x0000000701500000|100%| O|  |TAMS 0x0000000701400000, 0x0000000701400000| Untracked 
|   9|0x0000000701500000, 0x000000070158ca00, 0x0000000701600000| 54%| O|  |TAMS 0x0000000701500000, 0x0000000701500000| Untracked 
|  10|0x0000000701600000, 0x0000000701600000, 0x0000000701700000|  0%| F|  |TAMS 0x0000000701600000, 0x0000000701600000| Untracked 
|  11|0x0000000701700000, 0x0000000701700000, 0x0000000701800000|  0%| F|  |TAMS 0x0000000701700000, 0x0000000701700000| Untracked 
|  12|0x0000000701800000, 0x0000000701800000, 0x0000000701900000|  0%| F|  |TAMS 0x0000000701800000, 0x0000000701800000| Untracked 
|  13|0x0000000701900000, 0x0000000701900000, 0x0000000701a00000|  0%| F|  |TAMS 0x0000000701900000, 0x0000000701900000| Untracked 
|  14|0x0000000701a00000, 0x0000000701a00000, 0x0000000701b00000|  0%| F|  |TAMS 0x0000000701a00000, 0x0000000701a00000| Untracked 
|  15|0x0000000701b00000, 0x0000000701b00000, 0x0000000701c00000|  0%| F|  |TAMS 0x0000000701b00000, 0x0000000701b00000| Untracked 
|  16|0x0000000701c00000, 0x0000000701c00000, 0x0000000701d00000|  0%| F|  |TAMS 0x0000000701c00000, 0x0000000701c00000| Untracked 
|  17|0x0000000701d00000, 0x0000000701d00000, 0x0000000701e00000|  0%| F|  |TAMS 0x0000000701d00000, 0x0000000701d00000| Untracked 
|  18|0x0000000701e00000, 0x0000000701e00000, 0x0000000701f00000|  0%| F|  |TAMS 0x0000000701e00000, 0x0000000701e00000| Untracked 
|  19|0x0000000701f00000, 0x0000000701f00000, 0x0000000702000000|  0%| F|  |TAMS 0x0000000701f00000, 0x0000000701f00000| Untracked 
|  20|0x0000000702000000, 0x0000000702000000, 0x0000000702100000|  0%| F|  |TAMS 0x0000000702000000, 0x0000000702000000| Untracked 
|  21|0x0000000702100000, 0x0000000702100000, 0x0000000702200000|  0%| F|  |TAMS 0x0000000702100000, 0x0000000702100000| Untracked 
|  22|0x0000000702200000, 0x0000000702200000, 0x0000000702300000|  0%| F|  |TAMS 0x0000000702200000, 0x0000000702200000| Untracked 
|  23|0x0000000702300000, 0x0000000702300000, 0x0000000702400000|  0%| F|  |TAMS 0x0000000702300000, 0x0000000702300000| Untracked 
|  24|0x0000000702400000, 0x0000000702400000, 0x0000000702500000|  0%| F|  |TAMS 0x0000000702400000, 0x0000000702400000| Untracked 
|  25|0x0000000702500000, 0x0000000702500000, 0x0000000702600000|  0%| F|  |TAMS 0x0000000702500000, 0x0000000702500000| Untracked 
|  26|0x0000000702600000, 0x0000000702600000, 0x0000000702700000|  0%| F|  |TAMS 0x0000000702600000, 0x0000000702600000| Untracked 
|  27|0x0000000702700000, 0x0000000702700000, 0x0000000702800000|  0%| F|  |TAMS 0x0000000702700000, 0x0000000702700000| Untracked 
|  28|0x0000000702800000, 0x0000000702800000, 0x0000000702900000|  0%| F|  |TAMS 0x0000000702800000, 0x0000000702800000| Untracked 
|  29|0x0000000702900000, 0x0000000702900000, 0x0000000702a00000|  0%| F|  |TAMS 0x0000000702900000, 0x0000000702900000| Untracked 
|  30|0x0000000702a00000, 0x0000000702a00000, 0x0000000702b00000|  0%| F|  |TAMS 0x0000000702a00000, 0x0000000702a00000| Untracked 
|  31|0x0000000702b00000, 0x0000000702b00000, 0x0000000702c00000|  0%| F|  |TAMS 0x0000000702b00000, 0x0000000702b00000| Untracked 
|  32|0x0000000702c00000, 0x0000000702c00000, 0x0000000702d00000|  0%| F|  |TAMS 0x0000000702c00000, 0x0000000702c00000| Untracked 
|  33|0x0000000702d00000, 0x0000000702d00000, 0x0000000702e00000|  0%| F|  |TAMS 0x0000000702d00000, 0x0000000702d00000| Untracked 
|  34|0x0000000702e00000, 0x0000000702e00000, 0x0000000702f00000|  0%| F|  |TAMS 0x0000000702e00000, 0x0000000702e00000| Untracked 
|  35|0x0000000702f00000, 0x0000000702f00000, 0x0000000703000000|  0%| F|  |TAMS 0x0000000702f00000, 0x0000000702f00000| Untracked 
|  36|0x0000000703000000, 0x0000000703000000, 0x0000000703100000|  0%| F|  |TAMS 0x0000000703000000, 0x0000000703000000| Untracked 
|  37|0x0000000703100000, 0x0000000703100000, 0x0000000703200000|  0%| F|  |TAMS 0x0000000703100000, 0x0000000703100000| Untracked 
|  38|0x0000000703200000, 0x0000000703200000, 0x0000000703300000|  0%| F|  |TAMS 0x0000000703200000, 0x0000000703200000| Untracked 
|  39|0x0000000703300000, 0x0000000703300000, 0x0000000703400000|  0%| F|  |TAMS 0x0000000703300000, 0x0000000703300000| Untracked 
|  40|0x0000000703400000, 0x0000000703400000, 0x0000000703500000|  0%| F|  |TAMS 0x0000000703400000, 0x0000000703400000| Untracked 
|  41|0x0000000703500000, 0x0000000703500000, 0x0000000703600000|  0%| F|  |TAMS 0x0000000703500000, 0x0000000703500000| Untracked 
|  42|0x0000000703600000, 0x0000000703600000, 0x0000000703700000|  0%| F|  |TAMS 0x0000000703600000, 0x0000000703600000| Untracked 
|  43|0x0000000703700000, 0x0000000703700000, 0x0000000703800000|  0%| F|  |TAMS 0x0000000703700000, 0x0000000703700000| Untracked 
|  44|0x0000000703800000, 0x0000000703800000, 0x0000000703900000|  0%| F|  |TAMS 0x0000000703800000, 0x0000000703800000| Untracked 
|  45|0x0000000703900000, 0x0000000703900000, 0x0000000703a00000|  0%| F|  |TAMS 0x0000000703900000, 0x0000000703900000| Untracked 
|  46|0x0000000703a00000, 0x0000000703a00000, 0x0000000703b00000|  0%| F|  |TAMS 0x0000000703a00000, 0x0000000703a00000| Untracked 
|  47|0x0000000703b00000, 0x0000000703b00000, 0x0000000703c00000|  0%| F|  |TAMS 0x0000000703b00000, 0x0000000703b00000| Untracked 
|  48|0x0000000703c00000, 0x0000000703c00000, 0x0000000703d00000|  0%| F|  |TAMS 0x0000000703c00000, 0x0000000703c00000| Untracked 
|  49|0x0000000703d00000, 0x0000000703d00000, 0x0000000703e00000|  0%| F|  |TAMS 0x0000000703d00000, 0x0000000703d00000| Untracked 
|  50|0x0000000703e00000, 0x0000000703e00000, 0x0000000703f00000|  0%| F|  |TAMS 0x0000000703e00000, 0x0000000703e00000| Untracked 
|  51|0x0000000703f00000, 0x0000000703f00000, 0x0000000704000000|  0%| F|  |TAMS 0x0000000703f00000, 0x0000000703f00000| Untracked 
|  52|0x0000000704000000, 0x0000000704000000, 0x0000000704100000|  0%| F|  |TAMS 0x0000000704000000, 0x0000000704000000| Untracked 
|  53|0x0000000704100000, 0x0000000704100000, 0x0000000704200000|  0%| F|  |TAMS 0x0000000704100000, 0x0000000704100000| Untracked 
|  54|0x0000000704200000, 0x0000000704200000, 0x0000000704300000|  0%| F|  |TAMS 0x0000000704200000, 0x0000000704200000| Untracked 
|  55|0x0000000704300000, 0x0000000704300000, 0x0000000704400000|  0%| F|  |TAMS 0x0000000704300000, 0x0000000704300000| Untracked 
|  56|0x0000000704400000, 0x0000000704400000, 0x0000000704500000|  0%| F|  |TAMS 0x0000000704400000, 0x0000000704400000| Untracked 
|  57|0x0000000704500000, 0x0000000704500000, 0x0000000704600000|  0%| F|  |TAMS 0x0000000704500000, 0x0000000704500000| Untracked 
|  58|0x0000000704600000, 0x0000000704600000, 0x0000000704700000|  0%| F|  |TAMS 0x0000000704600000, 0x0000000704600000| Untracked 
|  59|0x0000000704700000, 0x0000000704700000, 0x0000000704800000|  0%| F|  |TAMS 0x0000000704700000, 0x0000000704700000| Untracked 
|  60|0x0000000704800000, 0x0000000704800000, 0x0000000704900000|  0%| F|  |TAMS 0x0000000704800000, 0x0000000704800000| Untracked 
|  61|0x0000000704900000, 0x0000000704900000, 0x0000000704a00000|  0%| F|  |TAMS 0x0000000704900000, 0x0000000704900000| Untracked 
|  62|0x0000000704a00000, 0x0000000704a00000, 0x0000000704b00000|  0%| F|  |TAMS 0x0000000704a00000, 0x0000000704a00000| Untracked 
|  63|0x0000000704b00000, 0x0000000704b00000, 0x0000000704c00000|  0%| F|  |TAMS 0x0000000704b00000, 0x0000000704b00000| Untracked 
|  64|0x0000000704c00000, 0x0000000704c00000, 0x0000000704d00000|  0%| F|  |TAMS 0x0000000704c00000, 0x0000000704c00000| Untracked 
|  65|0x0000000704d00000, 0x0000000704d00000, 0x0000000704e00000|  0%| F|  |TAMS 0x0000000704d00000, 0x0000000704d00000| Untracked 
|  66|0x0000000704e00000, 0x0000000704e00000, 0x0000000704f00000|  0%| F|  |TAMS 0x0000000704e00000, 0x0000000704e00000| Untracked 
|  67|0x0000000704f00000, 0x0000000704f00000, 0x0000000705000000|  0%| F|  |TAMS 0x0000000704f00000, 0x0000000704f00000| Untracked 
|  68|0x0000000705000000, 0x0000000705000000, 0x0000000705100000|  0%| F|  |TAMS 0x0000000705000000, 0x0000000705000000| Untracked 
|  69|0x0000000705100000, 0x0000000705100000, 0x0000000705200000|  0%| F|  |TAMS 0x0000000705100000, 0x0000000705100000| Untracked 
|  70|0x0000000705200000, 0x0000000705200000, 0x0000000705300000|  0%| F|  |TAMS 0x0000000705200000, 0x0000000705200000| Untracked 
|  71|0x0000000705300000, 0x0000000705300000, 0x0000000705400000|  0%| F|  |TAMS 0x0000000705300000, 0x0000000705300000| Untracked 
|  72|0x0000000705400000, 0x0000000705400000, 0x0000000705500000|  0%| F|  |TAMS 0x0000000705400000, 0x0000000705400000| Untracked 
|  73|0x0000000705500000, 0x0000000705500000, 0x0000000705600000|  0%| F|  |TAMS 0x0000000705500000, 0x0000000705500000| Untracked 
|  74|0x0000000705600000, 0x0000000705600000, 0x0000000705700000|  0%| F|  |TAMS 0x0000000705600000, 0x0000000705600000| Untracked 
|  75|0x0000000705700000, 0x0000000705700000, 0x0000000705800000|  0%| F|  |TAMS 0x0000000705700000, 0x0000000705700000| Untracked 
|  76|0x0000000705800000, 0x0000000705800000, 0x0000000705900000|  0%| F|  |TAMS 0x0000000705800000, 0x0000000705800000| Untracked 
|  77|0x0000000705900000, 0x0000000705900000, 0x0000000705a00000|  0%| F|  |TAMS 0x0000000705900000, 0x0000000705900000| Untracked 
|  78|0x0000000705a00000, 0x0000000705a00000, 0x0000000705b00000|  0%| F|  |TAMS 0x0000000705a00000, 0x0000000705a00000| Untracked 
|  79|0x0000000705b00000, 0x0000000705b00000, 0x0000000705c00000|  0%| F|  |TAMS 0x0000000705b00000, 0x0000000705b00000| Untracked 
|  80|0x0000000705c00000, 0x0000000705c00000, 0x0000000705d00000|  0%| F|  |TAMS 0x0000000705c00000, 0x0000000705c00000| Untracked 
|  81|0x0000000705d00000, 0x0000000705d00000, 0x0000000705e00000|  0%| F|  |TAMS 0x0000000705d00000, 0x0000000705d00000| Untracked 
|  82|0x0000000705e00000, 0x0000000705e00000, 0x0000000705f00000|  0%| F|  |TAMS 0x0000000705e00000, 0x0000000705e00000| Untracked 
|  83|0x0000000705f00000, 0x0000000705f00000, 0x0000000706000000|  0%| F|  |TAMS 0x0000000705f00000, 0x0000000705f00000| Untracked 
|  84|0x0000000706000000, 0x0000000706000000, 0x0000000706100000|  0%| F|  |TAMS 0x0000000706000000, 0x0000000706000000| Untracked 
|  85|0x0000000706100000, 0x0000000706100000, 0x0000000706200000|  0%| F|  |TAMS 0x0000000706100000, 0x0000000706100000| Untracked 
|  86|0x0000000706200000, 0x0000000706200000, 0x0000000706300000|  0%| F|  |TAMS 0x0000000706200000, 0x0000000706200000| Untracked 
|  87|0x0000000706300000, 0x0000000706300000, 0x0000000706400000|  0%| F|  |TAMS 0x0000000706300000, 0x0000000706300000| Untracked 
|  88|0x0000000706400000, 0x0000000706400000, 0x0000000706500000|  0%| F|  |TAMS 0x0000000706400000, 0x0000000706400000| Untracked 
|  89|0x0000000706500000, 0x0000000706500000, 0x0000000706600000|  0%| F|  |TAMS 0x0000000706500000, 0x0000000706500000| Untracked 
|  90|0x0000000706600000, 0x0000000706600000, 0x0000000706700000|  0%| F|  |TAMS 0x0000000706600000, 0x0000000706600000| Untracked 
|  91|0x0000000706700000, 0x0000000706700000, 0x0000000706800000|  0%| F|  |TAMS 0x0000000706700000, 0x0000000706700000| Untracked 
|  92|0x0000000706800000, 0x0000000706800000, 0x0000000706900000|  0%| F|  |TAMS 0x0000000706800000, 0x0000000706800000| Untracked 
|  93|0x0000000706900000, 0x0000000706900000, 0x0000000706a00000|  0%| F|  |TAMS 0x0000000706900000, 0x0000000706900000| Untracked 
|  94|0x0000000706a00000, 0x0000000706a00000, 0x0000000706b00000|  0%| F|  |TAMS 0x0000000706a00000, 0x0000000706a00000| Untracked 
|  95|0x0000000706b00000, 0x0000000706b00000, 0x0000000706c00000|  0%| F|  |TAMS 0x0000000706b00000, 0x0000000706b00000| Untracked 
|  96|0x0000000706c00000, 0x0000000706c00000, 0x0000000706d00000|  0%| F|  |TAMS 0x0000000706c00000, 0x0000000706c00000| Untracked 
|  97|0x0000000706d00000, 0x0000000706d00000, 0x0000000706e00000|  0%| F|  |TAMS 0x0000000706d00000, 0x0000000706d00000| Untracked 
|  98|0x0000000706e00000, 0x0000000706e00000, 0x0000000706f00000|  0%| F|  |TAMS 0x0000000706e00000, 0x0000000706e00000| Untracked 
|  99|0x0000000706f00000, 0x0000000706f00000, 0x0000000707000000|  0%| F|  |TAMS 0x0000000706f00000, 0x0000000706f00000| Untracked 
| 100|0x0000000707000000, 0x0000000707000000, 0x0000000707100000|  0%| F|  |TAMS 0x0000000707000000, 0x0000000707000000| Untracked 
| 101|0x0000000707100000, 0x0000000707100000, 0x0000000707200000|  0%| F|  |TAMS 0x0000000707100000, 0x0000000707100000| Untracked 
| 102|0x0000000707200000, 0x0000000707200000, 0x0000000707300000|  0%| F|  |TAMS 0x0000000707200000, 0x0000000707200000| Untracked 
| 103|0x0000000707300000, 0x0000000707300000, 0x0000000707400000|  0%| F|  |TAMS 0x0000000707300000, 0x0000000707300000| Untracked 
| 104|0x0000000707400000, 0x0000000707400000, 0x0000000707500000|  0%| F|  |TAMS 0x0000000707400000, 0x0000000707400000| Untracked 
| 105|0x0000000707500000, 0x0000000707500000, 0x0000000707600000|  0%| F|  |TAMS 0x0000000707500000, 0x0000000707500000| Untracked 
| 106|0x0000000707600000, 0x0000000707600000, 0x0000000707700000|  0%| F|  |TAMS 0x0000000707600000, 0x0000000707600000| Untracked 
| 107|0x0000000707700000, 0x0000000707700000, 0x0000000707800000|  0%| F|  |TAMS 0x0000000707700000, 0x0000000707700000| Untracked 
| 108|0x0000000707800000, 0x0000000707800000, 0x0000000707900000|  0%| F|  |TAMS 0x0000000707800000, 0x0000000707800000| Untracked 
| 109|0x0000000707900000, 0x0000000707900000, 0x0000000707a00000|  0%| F|  |TAMS 0x0000000707900000, 0x0000000707900000| Untracked 
| 110|0x0000000707a00000, 0x0000000707a00000, 0x0000000707b00000|  0%| F|  |TAMS 0x0000000707a00000, 0x0000000707a00000| Untracked 
| 111|0x0000000707b00000, 0x0000000707b00000, 0x0000000707c00000|  0%| F|  |TAMS 0x0000000707b00000, 0x0000000707b00000| Untracked 
| 112|0x0000000707c00000, 0x0000000707c00000, 0x0000000707d00000|  0%| F|  |TAMS 0x0000000707c00000, 0x0000000707c00000| Untracked 
| 113|0x0000000707d00000, 0x0000000707d00000, 0x0000000707e00000|  0%| F|  |TAMS 0x0000000707d00000, 0x0000000707d00000| Untracked 
| 114|0x0000000707e00000, 0x0000000707e00000, 0x0000000707f00000|  0%| F|  |TAMS 0x0000000707e00000, 0x0000000707e00000| Untracked 
| 115|0x0000000707f00000, 0x0000000707f00000, 0x0000000708000000|  0%| F|  |TAMS 0x0000000707f00000, 0x0000000707f00000| Untracked 
| 116|0x0000000708000000, 0x0000000708000000, 0x0000000708100000|  0%| F|  |TAMS 0x0000000708000000, 0x0000000708000000| Untracked 
| 117|0x0000000708100000, 0x0000000708100000, 0x0000000708200000|  0%| F|  |TAMS 0x0000000708100000, 0x0000000708100000| Untracked 
| 118|0x0000000708200000, 0x0000000708200000, 0x0000000708300000|  0%| F|  |TAMS 0x0000000708200000, 0x0000000708200000| Untracked 
| 119|0x0000000708300000, 0x0000000708300000, 0x0000000708400000|  0%| F|  |TAMS 0x0000000708300000, 0x0000000708300000| Untracked 
| 120|0x0000000708400000, 0x0000000708400000, 0x0000000708500000|  0%| F|  |TAMS 0x0000000708400000, 0x0000000708400000| Untracked 
| 121|0x0000000708500000, 0x0000000708500000, 0x0000000708600000|  0%| F|  |TAMS 0x0000000708500000, 0x0000000708500000| Untracked 
| 122|0x0000000708600000, 0x0000000708600000, 0x0000000708700000|  0%| F|  |TAMS 0x0000000708600000, 0x0000000708600000| Untracked 
| 123|0x0000000708700000, 0x0000000708700000, 0x0000000708800000|  0%| F|  |TAMS 0x0000000708700000, 0x0000000708700000| Untracked 
| 124|0x0000000708800000, 0x0000000708800000, 0x0000000708900000|  0%| F|  |TAMS 0x0000000708800000, 0x0000000708800000| Untracked 
| 125|0x0000000708900000, 0x0000000708900000, 0x0000000708a00000|  0%| F|  |TAMS 0x0000000708900000, 0x0000000708900000| Untracked 
| 126|0x0000000708a00000, 0x0000000708a00000, 0x0000000708b00000|  0%| F|  |TAMS 0x0000000708a00000, 0x0000000708a00000| Untracked 
| 127|0x0000000708b00000, 0x0000000708b00000, 0x0000000708c00000|  0%| F|  |TAMS 0x0000000708b00000, 0x0000000708b00000| Untracked 
| 128|0x0000000708c00000, 0x0000000708c00000, 0x0000000708d00000|  0%| F|  |TAMS 0x0000000708c00000, 0x0000000708c00000| Untracked 
| 129|0x0000000708d00000, 0x0000000708d00000, 0x0000000708e00000|  0%| F|  |TAMS 0x0000000708d00000, 0x0000000708d00000| Untracked 
| 130|0x0000000708e00000, 0x0000000708e00000, 0x0000000708f00000|  0%| F|  |TAMS 0x0000000708e00000, 0x0000000708e00000| Untracked 
| 131|0x0000000708f00000, 0x0000000708f00000, 0x0000000709000000|  0%| F|  |TAMS 0x0000000708f00000, 0x0000000708f00000| Untracked 
| 132|0x0000000709000000, 0x0000000709000000, 0x0000000709100000|  0%| F|  |TAMS 0x0000000709000000, 0x0000000709000000| Untracked 
| 133|0x0000000709100000, 0x0000000709100000, 0x0000000709200000|  0%| F|  |TAMS 0x0000000709100000, 0x0000000709100000| Untracked 
| 134|0x0000000709200000, 0x0000000709200000, 0x0000000709300000|  0%| F|  |TAMS 0x0000000709200000, 0x0000000709200000| Untracked 
| 135|0x0000000709300000, 0x0000000709300000, 0x0000000709400000|  0%| F|  |TAMS 0x0000000709300000, 0x0000000709300000| Untracked 
| 136|0x0000000709400000, 0x0000000709400000, 0x0000000709500000|  0%| F|  |TAMS 0x0000000709400000, 0x0000000709400000| Untracked 
| 137|0x0000000709500000, 0x0000000709500000, 0x0000000709600000|  0%| F|  |TAMS 0x0000000709500000, 0x0000000709500000| Untracked 
| 138|0x0000000709600000, 0x0000000709600000, 0x0000000709700000|  0%| F|  |TAMS 0x0000000709600000, 0x0000000709600000| Untracked 
| 139|0x0000000709700000, 0x0000000709700000, 0x0000000709800000|  0%| F|  |TAMS 0x0000000709700000, 0x0000000709700000| Untracked 
| 140|0x0000000709800000, 0x0000000709800000, 0x0000000709900000|  0%| F|  |TAMS 0x0000000709800000, 0x0000000709800000| Untracked 
| 141|0x0000000709900000, 0x0000000709900000, 0x0000000709a00000|  0%| F|  |TAMS 0x0000000709900000, 0x0000000709900000| Untracked 
| 142|0x0000000709a00000, 0x0000000709a00000, 0x0000000709b00000|  0%| F|  |TAMS 0x0000000709a00000, 0x0000000709a00000| Untracked 
| 143|0x0000000709b00000, 0x0000000709b00000, 0x0000000709c00000|  0%| F|  |TAMS 0x0000000709b00000, 0x0000000709b00000| Untracked 
| 144|0x0000000709c00000, 0x0000000709c00000, 0x0000000709d00000|  0%| F|  |TAMS 0x0000000709c00000, 0x0000000709c00000| Untracked 
| 145|0x0000000709d00000, 0x0000000709d00000, 0x0000000709e00000|  0%| F|  |TAMS 0x0000000709d00000, 0x0000000709d00000| Untracked 
| 146|0x0000000709e00000, 0x0000000709e00000, 0x0000000709f00000|  0%| F|  |TAMS 0x0000000709e00000, 0x0000000709e00000| Untracked 
| 147|0x0000000709f00000, 0x0000000709f00000, 0x000000070a000000|  0%| F|  |TAMS 0x0000000709f00000, 0x0000000709f00000| Untracked 
| 148|0x000000070a000000, 0x000000070a000000, 0x000000070a100000|  0%| F|  |TAMS 0x000000070a000000, 0x000000070a000000| Untracked 
| 149|0x000000070a100000, 0x000000070a100000, 0x000000070a200000|  0%| F|  |TAMS 0x000000070a100000, 0x000000070a100000| Untracked 
| 150|0x000000070a200000, 0x000000070a200000, 0x000000070a300000|  0%| F|  |TAMS 0x000000070a200000, 0x000000070a200000| Untracked 
| 151|0x000000070a300000, 0x000000070a300000, 0x000000070a400000|  0%| F|  |TAMS 0x000000070a300000, 0x000000070a300000| Untracked 
| 152|0x000000070a400000, 0x000000070a400000, 0x000000070a500000|  0%| F|  |TAMS 0x000000070a400000, 0x000000070a400000| Untracked 
| 153|0x000000070a500000, 0x000000070a500000, 0x000000070a600000|  0%| F|  |TAMS 0x000000070a500000, 0x000000070a500000| Untracked 
| 154|0x000000070a600000, 0x000000070a600000, 0x000000070a700000|  0%| F|  |TAMS 0x000000070a600000, 0x000000070a600000| Untracked 
| 155|0x000000070a700000, 0x000000070a700000, 0x000000070a800000|  0%| F|  |TAMS 0x000000070a700000, 0x000000070a700000| Untracked 
| 156|0x000000070a800000, 0x000000070a800000, 0x000000070a900000|  0%| F|  |TAMS 0x000000070a800000, 0x000000070a800000| Untracked 
| 157|0x000000070a900000, 0x000000070a900000, 0x000000070aa00000|  0%| F|  |TAMS 0x000000070a900000, 0x000000070a900000| Untracked 
| 158|0x000000070aa00000, 0x000000070aa00000, 0x000000070ab00000|  0%| F|  |TAMS 0x000000070aa00000, 0x000000070aa00000| Untracked 
| 159|0x000000070ab00000, 0x000000070ab00000, 0x000000070ac00000|  0%| F|  |TAMS 0x000000070ab00000, 0x000000070ab00000| Untracked 
| 160|0x000000070ac00000, 0x000000070ac00000, 0x000000070ad00000|  0%| F|  |TAMS 0x000000070ac00000, 0x000000070ac00000| Untracked 
| 161|0x000000070ad00000, 0x000000070ad00000, 0x000000070ae00000|  0%| F|  |TAMS 0x000000070ad00000, 0x000000070ad00000| Untracked 
| 162|0x000000070ae00000, 0x000000070ae00000, 0x000000070af00000|  0%| F|  |TAMS 0x000000070ae00000, 0x000000070ae00000| Untracked 
| 163|0x000000070af00000, 0x000000070af00000, 0x000000070b000000|  0%| F|  |TAMS 0x000000070af00000, 0x000000070af00000| Untracked 
| 164|0x000000070b000000, 0x000000070b000000, 0x000000070b100000|  0%| F|  |TAMS 0x000000070b000000, 0x000000070b000000| Untracked 
| 165|0x000000070b100000, 0x000000070b100000, 0x000000070b200000|  0%| F|  |TAMS 0x000000070b100000, 0x000000070b100000| Untracked 
| 166|0x000000070b200000, 0x000000070b200000, 0x000000070b300000|  0%| F|  |TAMS 0x000000070b200000, 0x000000070b200000| Untracked 
| 167|0x000000070b300000, 0x000000070b300000, 0x000000070b400000|  0%| F|  |TAMS 0x000000070b300000, 0x000000070b300000| Untracked 
| 168|0x000000070b400000, 0x000000070b400000, 0x000000070b500000|  0%| F|  |TAMS 0x000000070b400000, 0x000000070b400000| Untracked 
| 169|0x000000070b500000, 0x000000070b500000, 0x000000070b600000|  0%| F|  |TAMS 0x000000070b500000, 0x000000070b500000| Untracked 
| 170|0x000000070b600000, 0x000000070b600000, 0x000000070b700000|  0%| F|  |TAMS 0x000000070b600000, 0x000000070b600000| Untracked 
| 171|0x000000070b700000, 0x000000070b700000, 0x000000070b800000|  0%| F|  |TAMS 0x000000070b700000, 0x000000070b700000| Untracked 
| 172|0x000000070b800000, 0x000000070b800000, 0x000000070b900000|  0%| F|  |TAMS 0x000000070b800000, 0x000000070b800000| Untracked 
| 173|0x000000070b900000, 0x000000070b900000, 0x000000070ba00000|  0%| F|  |TAMS 0x000000070b900000, 0x000000070b900000| Untracked 
| 174|0x000000070ba00000, 0x000000070ba00000, 0x000000070bb00000|  0%| F|  |TAMS 0x000000070ba00000, 0x000000070ba00000| Untracked 
| 175|0x000000070bb00000, 0x000000070bb00000, 0x000000070bc00000|  0%| F|  |TAMS 0x000000070bb00000, 0x000000070bb00000| Untracked 
| 176|0x000000070bc00000, 0x000000070bc00000, 0x000000070bd00000|  0%| F|  |TAMS 0x000000070bc00000, 0x000000070bc00000| Untracked 
| 177|0x000000070bd00000, 0x000000070bd00000, 0x000000070be00000|  0%| F|  |TAMS 0x000000070bd00000, 0x000000070bd00000| Untracked 
| 178|0x000000070be00000, 0x000000070be00000, 0x000000070bf00000|  0%| F|  |TAMS 0x000000070be00000, 0x000000070be00000| Untracked 
| 179|0x000000070bf00000, 0x000000070bf00000, 0x000000070c000000|  0%| F|  |TAMS 0x000000070bf00000, 0x000000070bf00000| Untracked 
| 180|0x000000070c000000, 0x000000070c000000, 0x000000070c100000|  0%| F|  |TAMS 0x000000070c000000, 0x000000070c000000| Untracked 
| 181|0x000000070c100000, 0x000000070c100000, 0x000000070c200000|  0%| F|  |TAMS 0x000000070c100000, 0x000000070c100000| Untracked 
| 182|0x000000070c200000, 0x000000070c200000, 0x000000070c300000|  0%| F|  |TAMS 0x000000070c200000, 0x000000070c200000| Untracked 
| 183|0x000000070c300000, 0x000000070c300000, 0x000000070c400000|  0%| F|  |TAMS 0x000000070c300000, 0x000000070c300000| Untracked 
| 184|0x000000070c400000, 0x000000070c400000, 0x000000070c500000|  0%| F|  |TAMS 0x000000070c400000, 0x000000070c400000| Untracked 
| 185|0x000000070c500000, 0x000000070c500000, 0x000000070c600000|  0%| F|  |TAMS 0x000000070c500000, 0x000000070c500000| Untracked 
| 186|0x000000070c600000, 0x000000070c600000, 0x000000070c700000|  0%| F|  |TAMS 0x000000070c600000, 0x000000070c600000| Untracked 
| 187|0x000000070c700000, 0x000000070c700000, 0x000000070c800000|  0%| F|  |TAMS 0x000000070c700000, 0x000000070c700000| Untracked 
| 188|0x000000070c800000, 0x000000070c800000, 0x000000070c900000|  0%| F|  |TAMS 0x000000070c800000, 0x000000070c800000| Untracked 
| 189|0x000000070c900000, 0x000000070c900000, 0x000000070ca00000|  0%| F|  |TAMS 0x000000070c900000, 0x000000070c900000| Untracked 
| 190|0x000000070ca00000, 0x000000070ca00000, 0x000000070cb00000|  0%| F|  |TAMS 0x000000070ca00000, 0x000000070ca00000| Untracked 
| 191|0x000000070cb00000, 0x000000070cb00000, 0x000000070cc00000|  0%| F|  |TAMS 0x000000070cb00000, 0x000000070cb00000| Untracked 
| 192|0x000000070cc00000, 0x000000070cc00000, 0x000000070cd00000|  0%| F|  |TAMS 0x000000070cc00000, 0x000000070cc00000| Untracked 
| 193|0x000000070cd00000, 0x000000070cd00000, 0x000000070ce00000|  0%| F|  |TAMS 0x000000070cd00000, 0x000000070cd00000| Untracked 
| 194|0x000000070ce00000, 0x000000070ce00000, 0x000000070cf00000|  0%| F|  |TAMS 0x000000070ce00000, 0x000000070ce00000| Untracked 
| 195|0x000000070cf00000, 0x000000070cf00000, 0x000000070d000000|  0%| F|  |TAMS 0x000000070cf00000, 0x000000070cf00000| Untracked 
| 196|0x000000070d000000, 0x000000070d000000, 0x000000070d100000|  0%| F|  |TAMS 0x000000070d000000, 0x000000070d000000| Untracked 
| 197|0x000000070d100000, 0x000000070d100000, 0x000000070d200000|  0%| F|  |TAMS 0x000000070d100000, 0x000000070d100000| Untracked 
| 198|0x000000070d200000, 0x000000070d200000, 0x000000070d300000|  0%| F|  |TAMS 0x000000070d200000, 0x000000070d200000| Untracked 
| 199|0x000000070d300000, 0x000000070d300000, 0x000000070d400000|  0%| F|  |TAMS 0x000000070d300000, 0x000000070d300000| Untracked 
| 200|0x000000070d400000, 0x000000070d400000, 0x000000070d500000|  0%| F|  |TAMS 0x000000070d400000, 0x000000070d400000| Untracked 
| 201|0x000000070d500000, 0x000000070d500000, 0x000000070d600000|  0%| F|  |TAMS 0x000000070d500000, 0x000000070d500000| Untracked 
| 202|0x000000070d600000, 0x000000070d600000, 0x000000070d700000|  0%| F|  |TAMS 0x000000070d600000, 0x000000070d600000| Untracked 
| 203|0x000000070d700000, 0x000000070d700000, 0x000000070d800000|  0%| F|  |TAMS 0x000000070d700000, 0x000000070d700000| Untracked 
| 204|0x000000070d800000, 0x000000070d800000, 0x000000070d900000|  0%| F|  |TAMS 0x000000070d800000, 0x000000070d800000| Untracked 
| 205|0x000000070d900000, 0x000000070d900000, 0x000000070da00000|  0%| F|  |TAMS 0x000000070d900000, 0x000000070d900000| Untracked 
| 206|0x000000070da00000, 0x000000070da00000, 0x000000070db00000|  0%| F|  |TAMS 0x000000070da00000, 0x000000070da00000| Untracked 
| 207|0x000000070db00000, 0x000000070db00000, 0x000000070dc00000|  0%| F|  |TAMS 0x000000070db00000, 0x000000070db00000| Untracked 
| 208|0x000000070dc00000, 0x000000070dc00000, 0x000000070dd00000|  0%| F|  |TAMS 0x000000070dc00000, 0x000000070dc00000| Untracked 
| 209|0x000000070dd00000, 0x000000070dd00000, 0x000000070de00000|  0%| F|  |TAMS 0x000000070dd00000, 0x000000070dd00000| Untracked 
| 210|0x000000070de00000, 0x000000070de00000, 0x000000070df00000|  0%| F|  |TAMS 0x000000070de00000, 0x000000070de00000| Untracked 
| 211|0x000000070df00000, 0x000000070df00000, 0x000000070e000000|  0%| F|  |TAMS 0x000000070df00000, 0x000000070df00000| Untracked 
| 212|0x000000070e000000, 0x000000070e000000, 0x000000070e100000|  0%| F|  |TAMS 0x000000070e000000, 0x000000070e000000| Untracked 
| 213|0x000000070e100000, 0x000000070e100000, 0x000000070e200000|  0%| F|  |TAMS 0x000000070e100000, 0x000000070e100000| Untracked 
| 214|0x000000070e200000, 0x000000070e200000, 0x000000070e300000|  0%| F|  |TAMS 0x000000070e200000, 0x000000070e200000| Untracked 
| 215|0x000000070e300000, 0x000000070e300000, 0x000000070e400000|  0%| F|  |TAMS 0x000000070e300000, 0x000000070e300000| Untracked 
| 216|0x000000070e400000, 0x000000070e400000, 0x000000070e500000|  0%| F|  |TAMS 0x000000070e400000, 0x000000070e400000| Untracked 
| 217|0x000000070e500000, 0x000000070e500000, 0x000000070e600000|  0%| F|  |TAMS 0x000000070e500000, 0x000000070e500000| Untracked 
| 218|0x000000070e600000, 0x000000070e600000, 0x000000070e700000|  0%| F|  |TAMS 0x000000070e600000, 0x000000070e600000| Untracked 
| 219|0x000000070e700000, 0x000000070e700000, 0x000000070e800000|  0%| F|  |TAMS 0x000000070e700000, 0x000000070e700000| Untracked 
| 220|0x000000070e800000, 0x000000070e800000, 0x000000070e900000|  0%| F|  |TAMS 0x000000070e800000, 0x000000070e800000| Untracked 
| 221|0x000000070e900000, 0x000000070e900000, 0x000000070ea00000|  0%| F|  |TAMS 0x000000070e900000, 0x000000070e900000| Untracked 
| 222|0x000000070ea00000, 0x000000070ea00000, 0x000000070eb00000|  0%| F|  |TAMS 0x000000070ea00000, 0x000000070ea00000| Untracked 
| 223|0x000000070eb00000, 0x000000070eb00000, 0x000000070ec00000|  0%| F|  |TAMS 0x000000070eb00000, 0x000000070eb00000| Untracked 
| 224|0x000000070ec00000, 0x000000070ec00000, 0x000000070ed00000|  0%| F|  |TAMS 0x000000070ec00000, 0x000000070ec00000| Untracked 
| 225|0x000000070ed00000, 0x000000070ed00000, 0x000000070ee00000|  0%| F|  |TAMS 0x000000070ed00000, 0x000000070ed00000| Untracked 
| 226|0x000000070ee00000, 0x000000070ee00000, 0x000000070ef00000|  0%| F|  |TAMS 0x000000070ee00000, 0x000000070ee00000| Untracked 
| 227|0x000000070ef00000, 0x000000070ef00000, 0x000000070f000000|  0%| F|  |TAMS 0x000000070ef00000, 0x000000070ef00000| Untracked 
| 228|0x000000070f000000, 0x000000070f000000, 0x000000070f100000|  0%| F|  |TAMS 0x000000070f000000, 0x000000070f000000| Untracked 
| 229|0x000000070f100000, 0x000000070f200000, 0x000000070f200000|100%| S|CS|TAMS 0x000000070f100000, 0x000000070f100000| Complete 
| 230|0x000000070f200000, 0x000000070f300000, 0x000000070f300000|100%| S|CS|TAMS 0x000000070f200000, 0x000000070f200000| Complete 
| 231|0x000000070f300000, 0x000000070f400000, 0x000000070f400000|100%| S|CS|TAMS 0x000000070f300000, 0x000000070f300000| Complete 
| 232|0x000000070f400000, 0x000000070f400000, 0x000000070f500000|  0%| F|  |TAMS 0x000000070f400000, 0x000000070f400000| Untracked 
| 233|0x000000070f500000, 0x000000070f500000, 0x000000070f600000|  0%| F|  |TAMS 0x000000070f500000, 0x000000070f500000| Untracked 
| 234|0x000000070f600000, 0x000000070f600000, 0x000000070f700000|  0%| F|  |TAMS 0x000000070f600000, 0x000000070f600000| Untracked 
| 235|0x000000070f700000, 0x000000070f700000, 0x000000070f800000|  0%| F|  |TAMS 0x000000070f700000, 0x000000070f700000| Untracked 
| 236|0x000000070f800000, 0x000000070f800000, 0x000000070f900000|  0%| F|  |TAMS 0x000000070f800000, 0x000000070f800000| Untracked 
| 237|0x000000070f900000, 0x000000070f900000, 0x000000070fa00000|  0%| F|  |TAMS 0x000000070f900000, 0x000000070f900000| Untracked 
| 238|0x000000070fa00000, 0x000000070fab8438, 0x000000070fb00000| 71%| E|  |TAMS 0x000000070fa00000, 0x000000070fa00000| Complete 
| 239|0x000000070fb00000, 0x000000070fc00000, 0x000000070fc00000|100%| E|CS|TAMS 0x000000070fb00000, 0x000000070fb00000| Complete 
| 240|0x000000070fc00000, 0x000000070fd00000, 0x000000070fd00000|100%| E|CS|TAMS 0x000000070fc00000, 0x000000070fc00000| Complete 
| 241|0x000000070fd00000, 0x000000070fe00000, 0x000000070fe00000|100%| E|CS|TAMS 0x000000070fd00000, 0x000000070fd00000| Complete 
| 242|0x000000070fe00000, 0x000000070ff00000, 0x000000070ff00000|100%| E|CS|TAMS 0x000000070fe00000, 0x000000070fe00000| Complete 
| 243|0x000000070ff00000, 0x0000000710000000, 0x0000000710000000|100%| E|CS|TAMS 0x000000070ff00000, 0x000000070ff00000| Complete 
| 244|0x0000000710000000, 0x0000000710100000, 0x0000000710100000|100%| E|CS|TAMS 0x0000000710000000, 0x0000000710000000| Complete 
| 245|0x0000000710100000, 0x0000000710200000, 0x0000000710200000|100%| E|CS|TAMS 0x0000000710100000, 0x0000000710100000| Complete 
| 246|0x0000000710200000, 0x0000000710300000, 0x0000000710300000|100%| E|CS|TAMS 0x0000000710200000, 0x0000000710200000| Complete 
| 247|0x0000000710300000, 0x0000000710400000, 0x0000000710400000|100%| E|CS|TAMS 0x0000000710300000, 0x0000000710300000| Complete 
| 248|0x0000000710400000, 0x0000000710500000, 0x0000000710500000|100%| E|CS|TAMS 0x0000000710400000, 0x0000000710400000| Complete 
| 249|0x0000000710500000, 0x0000000710600000, 0x0000000710600000|100%| E|CS|TAMS 0x0000000710500000, 0x0000000710500000| Complete 
| 250|0x0000000710600000, 0x0000000710700000, 0x0000000710700000|100%| E|CS|TAMS 0x0000000710600000, 0x0000000710600000| Complete 
| 251|0x0000000710700000, 0x0000000710800000, 0x0000000710800000|100%| E|CS|TAMS 0x0000000710700000, 0x0000000710700000| Complete 
| 252|0x0000000710800000, 0x0000000710900000, 0x0000000710900000|100%| E|CS|TAMS 0x0000000710800000, 0x0000000710800000| Complete 
| 253|0x0000000710900000, 0x0000000710a00000, 0x0000000710a00000|100%| E|CS|TAMS 0x0000000710900000, 0x0000000710900000| Complete 
| 254|0x0000000710a00000, 0x0000000710b00000, 0x0000000710b00000|100%| E|CS|TAMS 0x0000000710a00000, 0x0000000710a00000| Complete 
| 255|0x0000000710b00000, 0x0000000710c00000, 0x0000000710c00000|100%| E|CS|TAMS 0x0000000710b00000, 0x0000000710b00000| Complete 

Card table byte_map: [0x0000025f2ea40000,0x0000025f2f240000] _byte_map_base: 0x0000025f2b23a000

Marking Bits (Prev, Next): (CMBitMap*) 0x0000025f1b44eb58, (CMBitMap*) 0x0000025f1b44eb90
 Prev Bits: [0x0000025f2fa40000, 0x0000025f33a10000)
 Next Bits: [0x0000025f33a10000, 0x0000025f379e0000)

Polling page: 0x0000025f19350000

Metaspace:

Usage:
  Non-class:     13.50 MB capacity,    13.27 MB ( 98%) used,   215.47 KB (  2%) free+waste,    21.69 KB ( <1%) overhead. 
      Class:      1.83 MB capacity,     1.71 MB ( 93%) used,   113.28 KB (  6%) free+waste,    10.56 KB ( <1%) overhead. 
       Both:     15.33 MB capacity,    14.97 MB ( 98%) used,   328.75 KB (  2%) free+waste,    32.25 KB ( <1%) overhead. 

Virtual space:
  Non-class space:       14.00 MB reserved,      13.50 MB ( 96%) committed 
      Class space:        1.00 GB reserved,       1.88 MB ( <1%) committed 
             Both:        1.01 GB reserved,      15.38 MB (  1%) committed 

Chunk freelists:
   Non-Class:  1.00 KB
       Class:  17.00 KB
        Both:  18.00 KB

MaxMetaspaceSize: 17179869184.00 GB
CompressedClassSpaceSize: 1.00 GB
Initial GC threshold: 20.80 MB
Current GC threshold: 20.80 MB
CDS: off

CodeHeap 'non-profiled nmethods': size=120000Kb used=461Kb max_used=461Kb free=119539Kb
 bounds [0x0000025f269e0000, 0x0000025f26c50000, 0x0000025f2df10000]
CodeHeap 'profiled nmethods': size=120000Kb used=2373Kb max_used=2373Kb free=117626Kb
 bounds [0x0000025f1f4b0000, 0x0000025f1f720000, 0x0000025f269e0000]
CodeHeap 'non-nmethods': size=5760Kb used=1160Kb max_used=1172Kb free=4599Kb
 bounds [0x0000025f1ef10000, 0x0000025f1f180000, 0x0000025f1f4b0000]
 total_blobs=1707 nmethods=1284 adapters=336
 compilation: enabled
              stopped_count=0, restarted_count=0
 full_count=0

Compilation events (20 events):
Event: 24.404 Thread 0x0000025f3aea7000 nmethod 1257 0x0000025f1f6f2510 code [0x0000025f1f6f26e0, 0x0000025f1f6f28a8]
Event: 24.405 Thread 0x0000025f3ae7b000 1258       4       java.util.ArrayList::add (25 bytes)
Event: 24.405 Thread 0x0000025f3aea7000 1259       3       org.gradle.internal.operations.OperationIdentifier::<init> (26 bytes)
Event: 24.405 Thread 0x0000025f3aea7000 nmethod 1259 0x0000025f1f6f2990 code [0x0000025f1f6f2b60, 0x0000025f1f6f2de8]
Event: 24.405 Thread 0x0000025f3aea7000 1260   !   3       org.gradle.internal.serialize.kryo.KryoBackedDecoder::readSmallLong (16 bytes)
Event: 24.406 Thread 0x0000025f3aea7000 nmethod 1260 0x0000025f1f6f2f10 code [0x0000025f1f6f3140, 0x0000025f1f6f3788]
Event: 24.406 Thread 0x0000025f3aea7000 1261       3       com.esotericsoftware.kryo.io.Input::readLong (6 bytes)
Event: 24.406 Thread 0x0000025f3aea7000 nmethod 1261 0x0000025f1f6f3a10 code [0x0000025f1f6f3bc0, 0x0000025f1f6f3ce8]
Event: 24.406 Thread 0x0000025f3aea7000 1262       3       com.esotericsoftware.kryo.io.Input::readVarLong (329 bytes)
Event: 24.407 Thread 0x0000025f3aea7000 nmethod 1262 0x0000025f1f6f3d90 code [0x0000025f1f6f3f80, 0x0000025f1f6f4618]
Event: 24.407 Thread 0x0000025f3aea7000 1263       3       org.gradle.internal.event.BroadcastDispatch$SingletonDispatch::dispatch (9 bytes)
Event: 24.407 Thread 0x0000025f3aea7000 nmethod 1263 0x0000025f1f6f4810 code [0x0000025f1f6f49e0, 0x0000025f1f6f4d08]
Event: 24.407 Thread 0x0000025f3aea7000 1264       3       org.gradle.internal.event.BroadcastDispatch$SingletonDispatch::dispatch (10 bytes)
Event: 24.407 Thread 0x0000025f3aea7000 nmethod 1264 0x0000025f1f6f4e10 code [0x0000025f1f6f4fc0, 0x0000025f1f6f5188]
Event: 24.407 Thread 0x0000025f3aea7000 1265   !   3       org.gradle.internal.event.AbstractBroadcastDispatch::dispatch (74 bytes)
Event: 24.408 Thread 0x0000025f3aea7000 nmethod 1265 0x0000025f1f6f5210 code [0x0000025f1f6f5500, 0x0000025f1f6f64e8]
Event: 24.408 Thread 0x0000025f3aea7000 1266       3       org.gradle.internal.dispatch.ReflectionDispatch::dispatch (9 bytes)
Event: 24.408 Thread 0x0000025f3aea7000 nmethod 1266 0x0000025f1f6f6b10 code [0x0000025f1f6f6ce0, 0x0000025f1f6f6f28]
Event: 24.409 Thread 0x0000025f3aea7000 1267   !   3       org.gradle.internal.dispatch.ReflectionDispatch::dispatch (42 bytes)
Event: 24.410 Thread 0x0000025f3aea7000 nmethod 1267 0x0000025f1f6f7010 code [0x0000025f1f6f72c0, 0x0000025f1f6f7df8]

GC Heap History (2 events):
Event: 1.985 GC heap before
{Heap before GC invocations=0 (full 0):
 garbage-first heap   total 262144K, used 29696K [0x0000000700c00000, 0x0000000800000000)
  region size 1024K, 24 young (24576K), 0 survivors (0K)
 Metaspace       used 10654K, capacity 10913K, committed 11264K, reserved 1058816K
  class space    used 1079K, capacity 1166K, committed 1280K, reserved 1048576K
}
Event: 1.990 GC heap after
{Heap after GC invocations=1 (full 0):
 garbage-first heap   total 262144K, used 9778K [0x0000000700c00000, 0x0000000800000000)
  region size 1024K, 3 young (3072K), 3 survivors (3072K)
 Metaspace       used 10654K, capacity 10913K, committed 11264K, reserved 1058816K
  class space    used 1079K, capacity 1166K, committed 1280K, reserved 1048576K
}

Deoptimization events (20 events):
Event: 2.275 Thread 0x0000025f1b3e9800 DEOPT PACKING pc=0x0000025f1f5568ff sp=0x000000ad39cf9c80
Event: 2.275 Thread 0x0000025f1b3e9800 DEOPT UNPACKING pc=0x0000025f1ef5a95e sp=0x000000ad39cf90d0 mode 0
Event: 2.337 Thread 0x0000025f1b3e9800 DEOPT PACKING pc=0x0000025f1f5a1740 sp=0x000000ad39cf88d0
Event: 2.337 Thread 0x0000025f1b3e9800 DEOPT UNPACKING pc=0x0000025f1ef5a95e sp=0x000000ad39cf7de8 mode 0
Event: 2.353 Thread 0x0000025f1b3e9800 Uncommon trap: trap_request=0xffffff4d fr.pc=0x0000025f26a35e80 relative=0x00000000000001c0
Event: 2.353 Thread 0x0000025f1b3e9800 Uncommon trap: reason=unstable_if action=reinterpret pc=0x0000025f26a35e80 method=java.util.HashMap.getNode(ILjava/lang/Object;)Ljava/util/HashMap$Node; @ 129 c2
Event: 2.353 Thread 0x0000025f1b3e9800 DEOPT PACKING pc=0x0000025f26a35e80 sp=0x000000ad39cfa740
Event: 2.353 Thread 0x0000025f1b3e9800 DEOPT UNPACKING pc=0x0000025f1ef5a1af sp=0x000000ad39cfa640 mode 2
Event: 6.443 Thread 0x0000025f1b3e9800 Uncommon trap: trap_request=0xffffff4d fr.pc=0x0000025f26a33368 relative=0x0000000000001b08
Event: 6.443 Thread 0x0000025f1b3e9800 Uncommon trap: reason=unstable_if action=reinterpret pc=0x0000025f26a33368 method=java.io.WinNTFileSystem.normalize(Ljava/lang/String;)Ljava/lang/String; @ 128 c2
Event: 6.443 Thread 0x0000025f1b3e9800 DEOPT PACKING pc=0x0000025f26a33368 sp=0x000000ad39cfa0f0
Event: 6.443 Thread 0x0000025f1b3e9800 DEOPT UNPACKING pc=0x0000025f1ef5a1af sp=0x000000ad39cfa0d8 mode 2
Event: 11.521 Thread 0x0000025f1b3e9800 Uncommon trap: trap_request=0xffffff4d fr.pc=0x0000025f26a11924 relative=0x0000000000000564
Event: 11.521 Thread 0x0000025f1b3e9800 Uncommon trap: reason=unstable_if action=reinterpret pc=0x0000025f26a11924 method=java.lang.AbstractStringBuilder.append(Ljava/lang/String;)Ljava/lang/AbstractStringBuilder; @ 1 c2
Event: 11.521 Thread 0x0000025f1b3e9800 DEOPT PACKING pc=0x0000025f26a11924 sp=0x000000ad39cfc6e0
Event: 11.521 Thread 0x0000025f1b3e9800 DEOPT UNPACKING pc=0x0000025f1ef5a1af sp=0x000000ad39cfc660 mode 2
Event: 11.521 Thread 0x0000025f1b3e9800 Uncommon trap: trap_request=0xffffff4d fr.pc=0x0000025f26a221f8 relative=0x0000000000000538
Event: 11.521 Thread 0x0000025f1b3e9800 Uncommon trap: reason=unstable_if action=reinterpret pc=0x0000025f26a221f8 method=java.lang.AbstractStringBuilder.append(Ljava/lang/String;)Ljava/lang/AbstractStringBuilder; @ 1 c2
Event: 11.521 Thread 0x0000025f1b3e9800 DEOPT PACKING pc=0x0000025f26a221f8 sp=0x000000ad39cfc680
Event: 11.521 Thread 0x0000025f1b3e9800 DEOPT UNPACKING pc=0x0000025f1ef5a1af sp=0x000000ad39cfc668 mode 2

Classes redefined (0 events):
No events

Internal exceptions (14 events):
Event: 0.363 Thread 0x0000025f1b3e9800 Exception <a 'java/lang/NoSuchMethodError'{0x000000071094ced8}: 'int java.lang.invoke.DirectMethodHandle$Holder.invokeSpecialIFC(java.lang.Object, java.lang.Object, int)'> (0x000000071094ced8) thrown at [src/hotspot/share/interpreter/linkResolver.cpp, line 773]
Event: 0.741 Thread 0x0000025f1b3e9800 Exception <a 'java/lang/NoSuchMethodError'{0x0000000710724b08}: 'int java.lang.invoke.DirectMethodHandle$Holder.invokeStaticInit(java.lang.Object, java.lang.Object)'> (0x0000000710724b08) thrown at [src/hotspot/share/interpreter/linkResolver.cpp, line 773]
Event: 0.843 Thread 0x0000025f1b3e9800 Exception <a 'java/lang/NoSuchMethodError'{0x00000007107edc28}: 'int java.lang.invoke.DirectMethodHandle$Holder.invokeSpecial(java.lang.Object, java.lang.Object, java.lang.Object, java.lang.Object)'> (0x00000007107edc28) thrown at [src/hotspot/share/interpreter/linkResolver.cpp, line 773]
Event: 1.943 Thread 0x0000025f1b3e9800 Implicit null exception at 0x0000025f26a1f1f5 to 0x0000025f26a1f3e8
Event: 1.970 Thread 0x0000025f1b3e9800 Exception <a 'java/lang/NoClassDefFoundError'{0x000000070f447510}: org/slf4j/impl/StaticMarkerBinder> (0x000000070f447510) thrown at [src/hotspot/share/classfile/systemDictionary.cpp, line 219]
Event: 2.001 Thread 0x0000025f1b3e9800 Exception <a 'java/lang/NoSuchMethodError'{0x0000000710b3c688}: 'java.lang.Object java.lang.invoke.DirectMethodHandle$Holder.invokeVirtual(java.lang.Object, java.lang.Object, java.lang.Object, java.lang.Object, java.lang.Object, java.lang.Object, java.lang.Object)'> (0x0000000710b3c688) thrown at [src/hotspot/share/interpreter/linkResolver.cpp, line 773]
Event: 2.003 Thread 0x0000025f1b3e9800 Exception <a 'java/lang/NoSuchMethodError'{0x0000000710b50840}: 'java.lang.Object java.lang.invoke.Invokers$Holder.invoker(java.lang.Object, java.lang.Object, java.lang.Object)'> (0x0000000710b50840) thrown at [src/hotspot/share/interpreter/linkResolver.cpp, line 773]
Event: 2.008 Thread 0x0000025f1b3e9800 Exception <a 'java/lang/NoSuchMethodError'{0x0000000710b61580}: 'void java.lang.invoke.DelegatingMethodHandle$Holder.delegate(java.lang.Object, java.lang.Object, int, java.lang.Object)'> (0x0000000710b61580) thrown at [src/hotspot/share/interpreter/linkResolver.cpp, line 773]
Event: 2.175 Thread 0x0000025f1b3e9800 Exception <a 'java/lang/NoSuchMethodError'{0x00000007105d06d8}: 'java.lang.Object java.lang.invoke.DirectMethodHandle$Holder.invokeInterface(java.lang.Object, java.lang.Object, java.lang.Object)'> (0x00000007105d06d8) thrown at [src/hotspot/share/interpreter/linkResolver.cpp, line 773]
Event: 2.257 Thread 0x0000025f1b3e9800 Exception <a 'java/lang/NoSuchMethodError'{0x000000071026f3f0}: 'java.lang.Object java.lang.invoke.DirectMethodHandle$Holder.invokeStaticInit(java.lang.Object, java.lang.Object, java.lang.Object)'> (0x000000071026f3f0) thrown at [src/hotspot/share/interpreter/linkResolver.cpp, line 773]
Event: 2.392 Thread 0x0000025f1b3e9800 Exception <a 'java/lang/NoSuchMethodError'{0x000000070fd41800}: 'java.lang.Object java.lang.invoke.DirectMethodHandle$Holder.invokeStaticInit(java.lang.Object, int, int, int, int)'> (0x000000070fd41800) thrown at [src/hotspot/share/interpreter/linkResolver.cpp, line 773]
Event: 6.456 Thread 0x0000025f1b3e9800 Exception <a 'java/lang/NoSuchMethodError'{0x000000070fda0c00}: 'java.lang.Object java.lang.invoke.DirectMethodHandle$Holder.invokeStaticInit(java.lang.Object, java.lang.Object, int, int, int, int)'> (0x000000070fda0c00) thrown at [src/hotspot/share/interpreter/linkResolver.cpp, line 773]
Event: 11.521 Thread 0x0000025f1b3e9800 Implicit null exception at 0x0000025f26a113f4 to 0x0000025f26a1190c
Event: 11.521 Thread 0x0000025f1b3e9800 Implicit null exception at 0x0000025f26a21cf4 to 0x0000025f26a221e0

Events (20 events):
Event: 12.973 loading class jdk/internal/reflect/Label
Event: 12.973 loading class jdk/internal/reflect/Label done
Event: 12.973 loading class jdk/internal/reflect/Label$PatchInfo
Event: 12.973 loading class jdk/internal/reflect/Label$PatchInfo done
Event: 12.973 loading class jdk/internal/reflect/MethodAccessorGenerator$1
Event: 12.973 loading class jdk/internal/reflect/MethodAccessorGenerator$1 done
Event: 12.973 loading class jdk/internal/reflect/ClassDefiner
Event: 12.973 loading class jdk/internal/reflect/ClassDefiner done
Event: 12.974 loading class jdk/internal/reflect/ClassDefiner$1
Event: 12.974 loading class jdk/internal/reflect/ClassDefiner$1 done
Event: 24.291 loading class com/google/common/collect/CollectPreconditions
Event: 24.291 loading class com/google/common/collect/CollectPreconditions done
Event: 24.292 loading class org/gradle/internal/logging/events/StyledTextOutputEvent$Span
Event: 24.292 loading class org/gradle/internal/logging/events/StyledTextOutputEvent$Span done
Event: 24.292 loading class org/gradle/internal/logging/events/operations/StyledTextBuildOperationProgressDetails$Span
Event: 24.292 loading class org/gradle/internal/logging/events/operations/StyledTextBuildOperationProgressDetails$Span done
Event: 24.292 loading class org/gradle/internal/operations/logging/StyledTextBuildOperationProgressDetails$Span
Event: 24.292 loading class org/gradle/internal/operations/logging/StyledTextBuildOperationProgressDetails$Span done
Event: 24.306 loading class org/gradle/internal/logging/text/AbstractLineChoppingStyledTextOutput$StateContext
Event: 24.306 loading class org/gradle/internal/logging/text/AbstractLineChoppingStyledTextOutput$StateContext done


Dynamic libraries:
0x00007ff708690000 - 0x00007ff70869a000 	D:\Program Files\Android\Android Studio\jre\bin\java.exe
0x00007ffd07330000 - 0x00007ffd07528000 	C:\WINDOWS\SYSTEM32\ntdll.dll
0x00007ffd06650000 - 0x00007ffd0670f000 	C:\WINDOWS\System32\KERNEL32.DLL
0x00007ffd04ff0000 - 0x00007ffd052ca000 	C:\WINDOWS\System32\KERNELBASE.dll
0x00007ffd04bf0000 - 0x00007ffd04cf0000 	C:\WINDOWS\System32\ucrtbase.dll
0x00007ffcdb1d0000 - 0x00007ffcdb1e7000 	D:\Program Files\Android\Android Studio\jre\bin\jli.dll
0x00007ffcdb140000 - 0x00007ffcdb15b000 	D:\Program Files\Android\Android Studio\jre\bin\VCRUNTIME140.dll
0x00007ffd06090000 - 0x00007ffd0622d000 	C:\WINDOWS\System32\USER32.dll
0x00007ffd04bc0000 - 0x00007ffd04be2000 	C:\WINDOWS\System32\win32u.dll
0x00007ffd06230000 - 0x00007ffd0625b000 	C:\WINDOWS\System32\GDI32.dll
0x00007ffd04ab0000 - 0x00007ffd04bc0000 	C:\WINDOWS\System32\gdi32full.dll
0x00007ffd04ea0000 - 0x00007ffd04f3d000 	C:\WINDOWS\System32\msvcp_win.dll
0x00007ffce5a10000 - 0x00007ffce5caa000 	C:\WINDOWS\WinSxS\amd64_microsoft.windows.common-controls_6595b64144ccf1df_6.0.19041.1110_none_60b5254171f9507e\COMCTL32.dll
0x00007ffd05700000 - 0x00007ffd0579e000 	C:\WINDOWS\System32\msvcrt.dll
0x00007ffd065c0000 - 0x00007ffd065f0000 	C:\WINDOWS\System32\IMM32.DLL
0x00007ffcfd990000 - 0x00007ffcfd99c000 	D:\Program Files\Android\Android Studio\jre\bin\vcruntime140_1.dll
0x00007ffcb89c0000 - 0x00007ffcb8a4d000 	D:\Program Files\Android\Android Studio\jre\bin\msvcp140.dll
0x00007ffca0560000 - 0x00007ffca111c000 	D:\Program Files\Android\Android Studio\jre\bin\server\jvm.dll
0x00007ffd067d0000 - 0x00007ffd0687e000 	C:\WINDOWS\System32\ADVAPI32.dll
0x00007ffd07040000 - 0x00007ffd070dc000 	C:\WINDOWS\System32\sechost.dll
0x00007ffd05390000 - 0x00007ffd054b6000 	C:\WINDOWS\System32\RPCRT4.dll
0x00007ffd06710000 - 0x00007ffd06718000 	C:\WINDOWS\System32\PSAPI.DLL
0x00007ffcfebb0000 - 0x00007ffcfebb9000 	C:\WINDOWS\SYSTEM32\WSOCK32.dll
0x00007ffd01b90000 - 0x00007ffd01b9a000 	C:\WINDOWS\SYSTEM32\VERSION.dll
0x00007ffd06020000 - 0x00007ffd0608b000 	C:\WINDOWS\System32\WS2_32.dll
0x00007ffcee020000 - 0x00007ffcee047000 	C:\WINDOWS\SYSTEM32\WINMM.dll
0x00007ffd032e0000 - 0x00007ffd032f2000 	C:\WINDOWS\SYSTEM32\kernel.appcore.dll
0x00007ffcf4c30000 - 0x00007ffcf4c40000 	D:\Program Files\Android\Android Studio\jre\bin\verify.dll
0x00007ffd02fc0000 - 0x00007ffd031a4000 	C:\WINDOWS\SYSTEM32\DBGHELP.DLL
0x00007ffcf3e10000 - 0x00007ffcf3e44000 	C:\WINDOWS\SYSTEM32\dbgcore.DLL
0x00007ffd05300000 - 0x00007ffd05382000 	C:\WINDOWS\System32\bcryptPrimitives.dll
0x00007ffcd5d60000 - 0x00007ffcd5d88000 	D:\Program Files\Android\Android Studio\jre\bin\java.dll
0x00007ffcf3a50000 - 0x00007ffcf3a5a000 	D:\Program Files\Android\Android Studio\jre\bin\jimage.dll
0x00007ffccbf40000 - 0x00007ffccbf58000 	D:\Program Files\Android\Android Studio\jre\bin\zip.dll
0x00007ffd068f0000 - 0x00007ffd07034000 	C:\WINDOWS\System32\SHELL32.dll
0x00007ffd02750000 - 0x00007ffd02ee3000 	C:\WINDOWS\SYSTEM32\windows.storage.dll
0x00007ffd06260000 - 0x00007ffd065b4000 	C:\WINDOWS\System32\combase.dll
0x00007ffd044a0000 - 0x00007ffd044ce000 	C:\WINDOWS\SYSTEM32\Wldp.dll
0x00007ffd054c0000 - 0x00007ffd0556d000 	C:\WINDOWS\System32\SHCORE.dll
0x00007ffd05fc0000 - 0x00007ffd06015000 	C:\WINDOWS\System32\shlwapi.dll
0x00007ffd04980000 - 0x00007ffd0499f000 	C:\WINDOWS\SYSTEM32\profapi.dll
0x00007ffcc8c40000 - 0x00007ffcc8c59000 	D:\Program Files\Android\Android Studio\jre\bin\net.dll
0x00007ffcfa120000 - 0x00007ffcfa22a000 	C:\WINDOWS\SYSTEM32\WINHTTP.dll
0x00007ffd04200000 - 0x00007ffd0426a000 	C:\WINDOWS\system32\mswsock.dll
0x00007ffcc80f0000 - 0x00007ffcc8103000 	D:\Program Files\Android\Android Studio\jre\bin\nio.dll
0x00007ffcc43f0000 - 0x00007ffcc4417000 	C:\Users\Sam\.gradle\native\e1d6ef7f7dcc3fd88c89a11ec53ec762bb8ba0a96d01ffa2cd45eb1d1d8dd5c5\windows-amd64\native-platform.dll
0x00007ffcf39d0000 - 0x00007ffcf39da000 	D:\Program Files\Android\Android Studio\jre\bin\management.dll
0x00007ffcf3920000 - 0x00007ffcf392b000 	D:\Program Files\Android\Android Studio\jre\bin\management_ext.dll
0x00007ffd04400000 - 0x00007ffd04418000 	C:\WINDOWS\SYSTEM32\CRYPTSP.dll
0x00007ffd03ab0000 - 0x00007ffd03ae4000 	C:\WINDOWS\system32\rsaenh.dll
0x00007ffd052d0000 - 0x00007ffd052f7000 	C:\WINDOWS\System32\bcrypt.dll
0x00007ffd04940000 - 0x00007ffd0496e000 	C:\WINDOWS\SYSTEM32\USERENV.dll
0x00007ffd043f0000 - 0x00007ffd043fc000 	C:\WINDOWS\SYSTEM32\CRYPTBASE.dll
0x00007ffd03ea0000 - 0x00007ffd03edc000 	C:\WINDOWS\SYSTEM32\IPHLPAPI.DLL
0x00007ffd056f0000 - 0x00007ffd056f8000 	C:\WINDOWS\System32\NSI.dll
0x00007ffcfa990000 - 0x00007ffcfa9a7000 	C:\WINDOWS\SYSTEM32\dhcpcsvc6.DLL
0x00007ffcfb7a0000 - 0x00007ffcfb7bd000 	C:\WINDOWS\SYSTEM32\dhcpcsvc.DLL
0x00007ffd03ef0000 - 0x00007ffd03fbb000 	C:\WINDOWS\SYSTEM32\DNSAPI.dll

dbghelp: loaded successfully - version: 4.0.5 - missing functions: none
symbol engine: initialized successfully - sym options: 0x614 - pdb path: .;D:\Program Files\Android\Android Studio\jre\bin;C:\WINDOWS\SYSTEM32;C:\WINDOWS\WinSxS\amd64_microsoft.windows.common-controls_6595b64144ccf1df_6.0.19041.1110_none_60b5254171f9507e;D:\Program Files\Android\Android Studio\jre\bin\server;C:\Users\Sam\.gradle\native\e1d6ef7f7dcc3fd88c89a11ec53ec762bb8ba0a96d01ffa2cd45eb1d1d8dd5c5\windows-amd64

VM Arguments:
jvm_args: -Dorg.gradle.appname=gradlew 
java_command: org.gradle.wrapper.GradleWrapperMain -q -Ptarget-platform=android-x64 -Ptarget=F:\Projects\nomad\digital-nomad-life\flutter_tiktok_clone\lib\main.dart -Pbase-application-name=android.app.Application -Pdart-defines=RkxVVFRFUl9XRUJfQVVUT19ERVRFQ1Q9dHJ1ZQ== -Pdart-obfuscation=false -Ptrack-widget-creation=true -Ptree-shake-icons=false -Pfilesystem-scheme=org-dartlang-root assembleDebug
java_class_path (initial): F:\Projects\nomad\digital-nomad-life\flutter_tiktok_clone\android\\gradle\wrapper\gradle-wrapper.jar
Launcher Type: SUN_STANDARD

[Global flags]
     intx CICompilerCount                          = 4                                         {product} {ergonomic}
     uint ConcGCThreads                            = 2                                         {product} {ergonomic}
     uint G1ConcRefinementThreads                  = 8                                         {product} {ergonomic}
   size_t G1HeapRegionSize                         = 1048576                                   {product} {ergonomic}
    uintx GCDrainStackTargetSize                   = 64                                        {product} {ergonomic}
   size_t InitialHeapSize                          = 268435456                                 {product} {ergonomic}
   size_t MarkStackSize                            = 4194304                                   {product} {ergonomic}
   size_t MaxHeapSize                              = 4282384384                                {product} {ergonomic}
   size_t MaxNewSize                               = 2569011200                                {product} {ergonomic}
   size_t MinHeapDeltaBytes                        = 1048576                                   {product} {ergonomic}
    uintx NonNMethodCodeHeapSize                   = 5836300                                {pd product} {ergonomic}
    uintx NonProfiledCodeHeapSize                  = 122910970                              {pd product} {ergonomic}
    uintx ProfiledCodeHeapSize                     = 122910970                              {pd product} {ergonomic}
    uintx ReservedCodeCacheSize                    = 251658240                              {pd product} {ergonomic}
     bool SegmentedCodeCache                       = true                                      {product} {ergonomic}
     bool UseCompressedClassPointers               = true                                 {lp64_product} {ergonomic}
     bool UseCompressedOops                        = true                                 {lp64_product} {ergonomic}
     bool UseG1GC                                  = true                                      {product} {ergonomic}
     bool UseLargePagesIndividualAllocation        = false                                  {pd product} {ergonomic}

Logging:
Log output configuration:
 #0: stdout all=warning uptime,level,tags
 #1: stderr all=off uptime,level,tags

Environment Variables:
JAVA_HOME=D:\Program Files\Android\Android Studio\jre
CLASSPATH=F:\Projects\nomad\digital-nomad-life\flutter_tiktok_clone\android\\gradle\wrapper\gradle-wrapper.jar
PATH=C:\Program Files (x86)\VMware\VMware Workstation\bin\;D:\Programs\Python\Python39\Scripts\;D:\Programs\Python\Python39\;C:\Program Files\NVIDIA GPU Computing Toolkit\CUDA\v11.4\bin;C:\Program Files\NVIDIA GPU Computing Toolkit\CUDA\v11.4\libnvvp;C:\Program Files (x86)\Common Files\Intel\Shared Libraries\redist\intel64\compiler;C:\Program Files (x86)\Common Files\Oracle\Java\javapath;C:\Program Files (x86)\Intel\iCLS Client\;C:\Program Files\Intel\iCLS Client\;C:\windows\system32;C:\windows;C:\windows\System32\Wbem;C:\windows\System32\WindowsPowerShell\v1.0\;C:\Program Files (x86)\Intel\Intel(R) Management Engine Components\DAL;C:\Program Files\Intel\Intel(R) Management Engine Components\DAL;C:\Program Files (x86)\Intel\Intel(R) Management Engine Components\IPT;C:\Program Files\Intel\Intel(R) Management Engine Components\IPT;C:\WINDOWS\system32;C:\WINDOWS;C:\WINDOWS\System32\Wbem;C:\WINDOWS\System32\WindowsPowerShell\v1.0\;C:\WINDOWS\System32\OpenSSH\;C:\Users\Sam\.dnx\bin;C:\Program Files\Microsoft DNX\Dnvm\;C:\Program Files\Microsoft SQL Server\130\Tools\Binn\;C:\HDE\x86_64.win64\bin;C:\HDE\x86_64.win64\lib;C:\HDE\x86_64.win64\examples\lib;C:\Users\Sam\Documents\HDE\x86_64.win64;C:\Program Files;C:\Program Files\NVIDIA Corporation\Nsight Compute 2019.4.0\;C:\Program Files\NVIDIA Corporation\Nsight Compute 2021.2.0\;C:\Program Files\NVIDIA Corporation\NVIDIA NvDLISR;C:\Program Files\dotnet\;C:\Program Files (x86)\NVIDIA Corporation\PhysX\Common;D:\xampp\mysql\bin;D:\xampp\php;node_modules\npm\bin;C:\Users\Sam\AppData\Roaming\npm;D:\Program Files\PuTTY\;D:\Program Files\Calibre2\;D:\Program Files\Java\jdk-11.0.17\bin;D:\nvm;D:\Program Files\nodejs;D:\flutter\bin;D:\Programs\Android\Sdk\platform-tools;D:\Programs\Android\Sdk\emulator;D:\Programs\Android\Sdk\tools\bin;D:\Program Files\Microsoft VS Code\bin;C:\WINDOWS\system32;C:\WINDOWS;C:\WINDOWS\System32\Wbem;C:\WINDOWS\System32\WindowsPowerShell\v1.0\;C:\WINDOWS\System32\OpenSSH\;D:\Program Files\OpenSSL-Win64\bin
USERNAME=Sam
OS=Windows_NT
PROCESSOR_IDENTIFIER=Intel64 Family 6 Model 158 Stepping 9, GenuineIntel



---------------  S Y S T E M  ---------------

OS: Windows 10 , 64 bit Build 19041 (10.0.19041.2788)
OS uptime: 6 days 8:46 hours

CPU:total 8 (initial active 8) (4 cores per cpu, 2 threads per core) family 6 model 158 stepping 9 microcode 0xea, cmov, cx8, fxsr, mmx, sse, sse2, sse3, ssse3, sse4.1, sse4.2, popcnt, avx, avx2, aes, clmul, erms, 3dnowpref, lzcnt, ht, tsc, tscinvbit, bmi1, bmi2, adx, fma

Memory: 4k page, system-wide physical 16332M (1103M free)
TotalPageFile size 46698M (AvailPageFile size 0M)
current process WorkingSet (physical memory assigned to process): 102M, peak: 106M
current process commit charge ("private bytes"): 360M, peak: 366M

vm_info: OpenJDK 64-Bit Server VM (11.0.15+0-b2043.56-9505619) for windows-amd64 JRE (11.0.15+0-b2043.56-9505619), built on Jan 19 2023 02:48:00 by "builduser" with unknown MS VC++:1929

END.
